<?xml version="1.0" encoding="UTF-8"?>
<!-- Generated by org.testng.reporters.JUnitXMLReporter -->
<testsuite hostname="CS-MANJOT-LT" ignored="0" name="Test" tests="7" failures="3" timestamp="2020-09-21T22:48:32 PDT" time="212.692" errors="0">
  <testcase name="BasicClick" time="10.699" classname="TestCases.ApiDemosAppTestRunner">
    <failure type="org.openqa.selenium.NoSuchElementException" message="An element could not be located on the page using the given search parameters.
For documentation on this error, please visit: https://www.seleniumhq.org/exceptions/no_such_element.html
Build info: version: &amp;apos;3.141.59&amp;apos;, revision: &amp;apos;e82be7d358&amp;apos;, time: &amp;apos;2018-11-14T08:17:03&amp;apos;
System info: host: &amp;apos;CS-MANJOT-LT&amp;apos;, ip: &amp;apos;192.168.1.4&amp;apos;, os.name: &amp;apos;Windows 10&amp;apos;, os.arch: &amp;apos;amd64&amp;apos;, os.version: &amp;apos;10.0&amp;apos;, java.version: &amp;apos;1.8.0_261&amp;apos;
Driver info: io.appium.java_client.android.AndroidDriver
Capabilities {android.permission.WRITE_SECURE_SETTINGS: true, app: C:\Users\manwantjot.singh\P..., appPackage: com.androidsample.generalstore, autoGrantPermissions: true, automationName: uiautomator2, chromedriverExecutable: C:\Users\manwantjot.singh\P..., databaseEnabled: false, desired: {android.permission.WRITE_SECURE_SETTINGS: true, app: C:\Users\manwantjot.singh\P..., autoGrantPermissions: true, automationName: uiautomator2, chromedriverExecutable: C:\Users\manwantjot.singh\P..., deviceName: Test, dontStopAppOnReset: true, newCommandTimeout: 10, noReset: true, platformName: android, skipDeviceInitialization: true}, deviceApiLevel: 29, deviceManufacturer: Google, deviceModel: Android SDK built for x86, deviceName: emulator-5554, deviceScreenDensity: 420, deviceScreenSize: 1080x1920, deviceUDID: emulator-5554, dontStopAppOnReset: true, javascriptEnabled: true, locationContextEnabled: false, networkConnectionEnabled: true, newCommandTimeout: 10, noReset: true, pixelRatio: 2.625, platform: LINUX, platformName: Android, platformVersion: 10, skipDeviceInitialization: true, statBarHeight: 63, takesScreenshot: true, viewportRect: {height: 1731, left: 0, top: 63, width: 1080}, warnings: {}, webStorageEnabled: false}
Session ID: 7d260668-6a8b-46c8-aafe-777423484c3f
*** Element info: {Using=xpath, value=//android.widget.TextView[@text=&amp;apos;Preference&amp;apos;]}">
      <![CDATA[org.openqa.selenium.NoSuchElementException: An element could not be located on the page using the given search parameters.
For documentation on this error, please visit: https://www.seleniumhq.org/exceptions/no_such_element.html
Build info: version: '3.141.59', revision: 'e82be7d358', time: '2018-11-14T08:17:03'
System info: host: 'CS-MANJOT-LT', ip: '192.168.1.4', os.name: 'Windows 10', os.arch: 'amd64', os.version: '10.0', java.version: '1.8.0_261'
Driver info: io.appium.java_client.android.AndroidDriver
Capabilities {android.permission.WRITE_SECURE_SETTINGS: true, app: C:\Users\manwantjot.singh\P..., appPackage: com.androidsample.generalstore, autoGrantPermissions: true, automationName: uiautomator2, chromedriverExecutable: C:\Users\manwantjot.singh\P..., databaseEnabled: false, desired: {android.permission.WRITE_SECURE_SETTINGS: true, app: C:\Users\manwantjot.singh\P..., autoGrantPermissions: true, automationName: uiautomator2, chromedriverExecutable: C:\Users\manwantjot.singh\P..., deviceName: Test, dontStopAppOnReset: true, newCommandTimeout: 10, noReset: true, platformName: android, skipDeviceInitialization: true}, deviceApiLevel: 29, deviceManufacturer: Google, deviceModel: Android SDK built for x86, deviceName: emulator-5554, deviceScreenDensity: 420, deviceScreenSize: 1080x1920, deviceUDID: emulator-5554, dontStopAppOnReset: true, javascriptEnabled: true, locationContextEnabled: false, networkConnectionEnabled: true, newCommandTimeout: 10, noReset: true, pixelRatio: 2.625, platform: LINUX, platformName: Android, platformVersion: 10, skipDeviceInitialization: true, statBarHeight: 63, takesScreenshot: true, viewportRect: {height: 1731, left: 0, top: 63, width: 1080}, warnings: {}, webStorageEnabled: false}
Session ID: 7d260668-6a8b-46c8-aafe-777423484c3f
*** Element info: {Using=xpath, value=//android.widget.TextView[@text='Preference']}
at org.openqa.selenium.remote.http.W3CHttpResponseCodec.createException(W3CHttpResponseCodec.java:187)
at org.openqa.selenium.remote.http.W3CHttpResponseCodec.decode(W3CHttpResponseCodec.java:122)
at org.openqa.selenium.remote.http.W3CHttpResponseCodec.decode(W3CHttpResponseCodec.java:49)
at org.openqa.selenium.remote.HttpCommandExecutor.execute(HttpCommandExecutor.java:158)
at io.appium.java_client.remote.AppiumCommandExecutor.execute(AppiumCommandExecutor.java:239)
at org.openqa.selenium.remote.RemoteWebDriver.execute(RemoteWebDriver.java:552)
at io.appium.java_client.DefaultGenericMobileDriver.execute(DefaultGenericMobileDriver.java:41)
at io.appium.java_client.AppiumDriver.execute(AppiumDriver.java:1)
at io.appium.java_client.android.AndroidDriver.execute(AndroidDriver.java:1)
at org.openqa.selenium.remote.RemoteWebDriver.findElement(RemoteWebDriver.java:323)
at io.appium.java_client.DefaultGenericMobileDriver.findElement(DefaultGenericMobileDriver.java:61)
at io.appium.java_client.AppiumDriver.findElement(AppiumDriver.java:1)
at io.appium.java_client.android.AndroidDriver.findElement(AndroidDriver.java:1)
at org.openqa.selenium.remote.RemoteWebDriver.findElementByXPath(RemoteWebDriver.java:428)
at io.appium.java_client.DefaultGenericMobileDriver.findElementByXPath(DefaultGenericMobileDriver.java:151)
at io.appium.java_client.AppiumDriver.findElementByXPath(AppiumDriver.java:1)
at io.appium.java_client.android.AndroidDriver.findElementByXPath(AndroidDriver.java:1)
at TestCases.BaseClick.ClickAPIDemos(BaseClick.java:22)
at TestCases.ApiDemosAppTestRunner.BasicClick(ApiDemosAppTestRunner.java:23)
at java.util.ArrayList.forEach(Unknown Source)
... Removed 31 stack frames]]>
    </failure>
  </testcase> <!-- BasicClick -->
  <testcase name="ClickGender" time="0.352" classname="TestCases.GeneralStoreAppTestRunner"/>
  <testcase name="EnterName" time="0.68" classname="TestCases.GeneralStoreAppTestRunner"/>
  <testcase name="EnterName" time="0.727" classname="TestCases.GeneralStoreAppTestRunner"/>
  <testcase name="EnterName" time="0.187" classname="TestCases.GeneralStoreAppTestRunner"/>
  <testcase name="RunGeneralStore" time="68.06" classname="TestCases.GeneralStoreAppTestRunner">
    <failure type="org.openqa.selenium.NoSuchElementException" message="no such element: Unable to locate element: {&amp;quot;method&amp;quot;:&amp;quot;xpath&amp;quot;,&amp;quot;selector&amp;quot;:&amp;quot;//input[@class=&amp;apos;gLFyf&amp;apos;]&amp;quot;}
  (Session info: chrome=74.0.3729.185)
  (Driver info: chromedriver=74.0.3729.6 (255758eccf3d244491b8a1317aa76e1ce10d57e9-refs/branch-heads/3729@{#29}),platform=Windows NT 10.0.16299 x86_64)
For documentation on this error, please visit: https://www.seleniumhq.org/exceptions/no_such_element.html
Build info: version: &amp;apos;3.141.59&amp;apos;, revision: &amp;apos;e82be7d358&amp;apos;, time: &amp;apos;2018-11-14T08:17:03&amp;apos;
System info: host: &amp;apos;CS-MANJOT-LT&amp;apos;, ip: &amp;apos;192.168.1.4&amp;apos;, os.name: &amp;apos;Windows 10&amp;apos;, os.arch: &amp;apos;amd64&amp;apos;, os.version: &amp;apos;10.0&amp;apos;, java.version: &amp;apos;1.8.0_261&amp;apos;
Driver info: io.appium.java_client.android.AndroidDriver
Capabilities {android.permission.WRITE_SECURE_SETTINGS: true, app: C:\Users\manwantjot.singh\P..., appPackage: com.androidsample.generalstore, autoGrantPermissions: true, automationName: uiautomator2, chromedriverExecutable: C:\Users\manwantjot.singh\P..., databaseEnabled: false, desired: {android.permission.WRITE_SECURE_SETTINGS: true, app: C:\Users\manwantjot.singh\P..., autoGrantPermissions: true, automationName: uiautomator2, chromedriverExecutable: C:\Users\manwantjot.singh\P..., deviceName: Test, dontStopAppOnReset: true, newCommandTimeout: 10, noReset: true, platformName: android, skipDeviceInitialization: true}, deviceApiLevel: 29, deviceManufacturer: Google, deviceModel: Android SDK built for x86, deviceName: emulator-5554, deviceScreenDensity: 420, deviceScreenSize: 1080x1920, deviceUDID: emulator-5554, dontStopAppOnReset: true, javascriptEnabled: true, locationContextEnabled: false, networkConnectionEnabled: true, newCommandTimeout: 10, noReset: true, pixelRatio: 2.625, platform: LINUX, platformName: Android, platformVersion: 10, skipDeviceInitialization: true, statBarHeight: 63, takesScreenshot: true, viewportRect: {height: 1731, left: 0, top: 63, width: 1080}, warnings: {}, webStorageEnabled: false}
Session ID: 9fddb2f2-83e5-4528-a2c1-26112ba364bb
*** Element info: {Using=xpath, value=//input[@class=&amp;apos;gLFyf&amp;apos;]}">
      <![CDATA[org.openqa.selenium.NoSuchElementException: no such element: Unable to locate element: {"method":"xpath","selector":"//input[@class='gLFyf']"}
  (Session info: chrome=74.0.3729.185)
  (Driver info: chromedriver=74.0.3729.6 (255758eccf3d244491b8a1317aa76e1ce10d57e9-refs/branch-heads/3729@{#29}),platform=Windows NT 10.0.16299 x86_64)
For documentation on this error, please visit: https://www.seleniumhq.org/exceptions/no_such_element.html
Build info: version: '3.141.59', revision: 'e82be7d358', time: '2018-11-14T08:17:03'
System info: host: 'CS-MANJOT-LT', ip: '192.168.1.4', os.name: 'Windows 10', os.arch: 'amd64', os.version: '10.0', java.version: '1.8.0_261'
Driver info: io.appium.java_client.android.AndroidDriver
Capabilities {android.permission.WRITE_SECURE_SETTINGS: true, app: C:\Users\manwantjot.singh\P..., appPackage: com.androidsample.generalstore, autoGrantPermissions: true, automationName: uiautomator2, chromedriverExecutable: C:\Users\manwantjot.singh\P..., databaseEnabled: false, desired: {android.permission.WRITE_SECURE_SETTINGS: true, app: C:\Users\manwantjot.singh\P..., autoGrantPermissions: true, automationName: uiautomator2, chromedriverExecutable: C:\Users\manwantjot.singh\P..., deviceName: Test, dontStopAppOnReset: true, newCommandTimeout: 10, noReset: true, platformName: android, skipDeviceInitialization: true}, deviceApiLevel: 29, deviceManufacturer: Google, deviceModel: Android SDK built for x86, deviceName: emulator-5554, deviceScreenDensity: 420, deviceScreenSize: 1080x1920, deviceUDID: emulator-5554, dontStopAppOnReset: true, javascriptEnabled: true, locationContextEnabled: false, networkConnectionEnabled: true, newCommandTimeout: 10, noReset: true, pixelRatio: 2.625, platform: LINUX, platformName: Android, platformVersion: 10, skipDeviceInitialization: true, statBarHeight: 63, takesScreenshot: true, viewportRect: {height: 1731, left: 0, top: 63, width: 1080}, warnings: {}, webStorageEnabled: false}
Session ID: 9fddb2f2-83e5-4528-a2c1-26112ba364bb
*** Element info: {Using=xpath, value=//input[@class='gLFyf']}
at org.openqa.selenium.remote.http.W3CHttpResponseCodec.createException(W3CHttpResponseCodec.java:187)
at org.openqa.selenium.remote.http.W3CHttpResponseCodec.decode(W3CHttpResponseCodec.java:122)
at org.openqa.selenium.remote.http.W3CHttpResponseCodec.decode(W3CHttpResponseCodec.java:49)
at org.openqa.selenium.remote.HttpCommandExecutor.execute(HttpCommandExecutor.java:158)
at io.appium.java_client.remote.AppiumCommandExecutor.execute(AppiumCommandExecutor.java:239)
at org.openqa.selenium.remote.RemoteWebDriver.execute(RemoteWebDriver.java:552)
at io.appium.java_client.DefaultGenericMobileDriver.execute(DefaultGenericMobileDriver.java:41)
at io.appium.java_client.AppiumDriver.execute(AppiumDriver.java:1)
at io.appium.java_client.android.AndroidDriver.execute(AndroidDriver.java:1)
at org.openqa.selenium.remote.RemoteWebDriver.findElement(RemoteWebDriver.java:323)
at io.appium.java_client.DefaultGenericMobileDriver.findElement(DefaultGenericMobileDriver.java:61)
at io.appium.java_client.AppiumDriver.findElement(AppiumDriver.java:1)
at io.appium.java_client.android.AndroidDriver.findElement(AndroidDriver.java:1)
at org.openqa.selenium.remote.RemoteWebDriver.findElementByXPath(RemoteWebDriver.java:428)
at io.appium.java_client.DefaultGenericMobileDriver.findElementByXPath(DefaultGenericMobileDriver.java:151)
at io.appium.java_client.AppiumDriver.findElementByXPath(AppiumDriver.java:1)
at io.appium.java_client.android.AndroidDriver.findElementByXPath(AndroidDriver.java:1)
at org.openqa.selenium.By$ByXPath.findElement(By.java:353)
at org.openqa.selenium.remote.RemoteWebDriver.findElement(RemoteWebDriver.java:315)
at io.appium.java_client.DefaultGenericMobileDriver.findElement(DefaultGenericMobileDriver.java:57)
at io.appium.java_client.AppiumDriver.findElement(AppiumDriver.java:1)
at io.appium.java_client.android.AndroidDriver.findElement(AndroidDriver.java:1)
at TestCases.EcommerceGeneralStore.AddingProductinCart(EcommerceGeneralStore.java:125)
at TestCases.GeneralStoreAppTestRunner.RunGeneralStore(GeneralStoreAppTestRunner.java:31)
at java.util.ArrayList.forEach(Unknown Source)
... Removed 31 stack frames]]>
    </failure>
  </testcase> <!-- RunGeneralStore -->
  <testcase name="WebTesting" time="0.461" classname="TestCases.WebAppTestRunner">
    <failure type="org.openqa.selenium.WebDriverException" message="An unknown server-side error occurred while processing the command. Original error: Error attempting to start URI. Original error: Error: Starting: Intent { act=android.intent.action.VIEW dat=https://m.facebook.com/... pkg=com.androidsample.generalstore }
Error: Activity not started, unable to resolve Intent { act=android.intent.action.VIEW dat=https://m.facebook.com/... flg=0x10000000 pkg=com.androidsample.generalstore }
Build info: version: &amp;apos;3.141.59&amp;apos;, revision: &amp;apos;e82be7d358&amp;apos;, time: &amp;apos;2018-11-14T08:17:03&amp;apos;
System info: host: &amp;apos;CS-MANJOT-LT&amp;apos;, ip: &amp;apos;192.168.1.4&amp;apos;, os.name: &amp;apos;Windows 10&amp;apos;, os.arch: &amp;apos;amd64&amp;apos;, os.version: &amp;apos;10.0&amp;apos;, java.version: &amp;apos;1.8.0_261&amp;apos;
Driver info: io.appium.java_client.android.AndroidDriver
Capabilities {android.permission.WRITE_SECURE_SETTINGS: true, app: C:\Users\manwantjot.singh\P..., appPackage: com.androidsample.generalstore, autoGrantPermissions: true, automationName: uiautomator2, chromedriverExecutable: C:\Users\manwantjot.singh\P..., databaseEnabled: false, desired: {android.permission.WRITE_SECURE_SETTINGS: true, app: C:\Users\manwantjot.singh\P..., autoGrantPermissions: true, automationName: uiautomator2, chromedriverExecutable: C:\Users\manwantjot.singh\P..., deviceName: Test, dontStopAppOnReset: true, newCommandTimeout: 10, noReset: true, platformName: android, skipDeviceInitialization: true}, deviceApiLevel: 29, deviceManufacturer: Google, deviceModel: Android SDK built for x86, deviceName: emulator-5554, deviceScreenDensity: 420, deviceScreenSize: 1080x1920, deviceUDID: emulator-5554, dontStopAppOnReset: true, javascriptEnabled: true, locationContextEnabled: false, networkConnectionEnabled: true, newCommandTimeout: 10, noReset: true, pixelRatio: 2.625, platform: LINUX, platformName: Android, platformVersion: 10, skipDeviceInitialization: true, statBarHeight: 63, takesScreenshot: true, viewportRect: {height: 1731, left: 0, top: 63, width: 1080}, warnings: {}, webStorageEnabled: false}
Session ID: 49416550-59c0-48a4-a4f3-c2f69fe301fb">
      <![CDATA[org.openqa.selenium.WebDriverException: An unknown server-side error occurred while processing the command. Original error: Error attempting to start URI. Original error: Error: Starting: Intent { act=android.intent.action.VIEW dat=https://m.facebook.com/... pkg=com.androidsample.generalstore }
Error: Activity not started, unable to resolve Intent { act=android.intent.action.VIEW dat=https://m.facebook.com/... flg=0x10000000 pkg=com.androidsample.generalstore }
Build info: version: '3.141.59', revision: 'e82be7d358', time: '2018-11-14T08:17:03'
System info: host: 'CS-MANJOT-LT', ip: '192.168.1.4', os.name: 'Windows 10', os.arch: 'amd64', os.version: '10.0', java.version: '1.8.0_261'
Driver info: io.appium.java_client.android.AndroidDriver
Capabilities {android.permission.WRITE_SECURE_SETTINGS: true, app: C:\Users\manwantjot.singh\P..., appPackage: com.androidsample.generalstore, autoGrantPermissions: true, automationName: uiautomator2, chromedriverExecutable: C:\Users\manwantjot.singh\P..., databaseEnabled: false, desired: {android.permission.WRITE_SECURE_SETTINGS: true, app: C:\Users\manwantjot.singh\P..., autoGrantPermissions: true, automationName: uiautomator2, chromedriverExecutable: C:\Users\manwantjot.singh\P..., deviceName: Test, dontStopAppOnReset: true, newCommandTimeout: 10, noReset: true, platformName: android, skipDeviceInitialization: true}, deviceApiLevel: 29, deviceManufacturer: Google, deviceModel: Android SDK built for x86, deviceName: emulator-5554, deviceScreenDensity: 420, deviceScreenSize: 1080x1920, deviceUDID: emulator-5554, dontStopAppOnReset: true, javascriptEnabled: true, locationContextEnabled: false, networkConnectionEnabled: true, newCommandTimeout: 10, noReset: true, pixelRatio: 2.625, platform: LINUX, platformName: Android, platformVersion: 10, skipDeviceInitialization: true, statBarHeight: 63, takesScreenshot: true, viewportRect: {height: 1731, left: 0, top: 63, width: 1080}, warnings: {}, webStorageEnabled: false}
Session ID: 49416550-59c0-48a4-a4f3-c2f69fe301fb
at org.openqa.selenium.remote.http.W3CHttpResponseCodec.createException(W3CHttpResponseCodec.java:187)
at org.openqa.selenium.remote.http.W3CHttpResponseCodec.decode(W3CHttpResponseCodec.java:122)
at org.openqa.selenium.remote.http.W3CHttpResponseCodec.decode(W3CHttpResponseCodec.java:49)
at org.openqa.selenium.remote.HttpCommandExecutor.execute(HttpCommandExecutor.java:158)
at io.appium.java_client.remote.AppiumCommandExecutor.execute(AppiumCommandExecutor.java:239)
at org.openqa.selenium.remote.RemoteWebDriver.execute(RemoteWebDriver.java:552)
at io.appium.java_client.DefaultGenericMobileDriver.execute(DefaultGenericMobileDriver.java:41)
at io.appium.java_client.AppiumDriver.execute(AppiumDriver.java:1)
at io.appium.java_client.android.AndroidDriver.execute(AndroidDriver.java:1)
at org.openqa.selenium.remote.RemoteWebDriver.get(RemoteWebDriver.java:277)
at TestCases.WebAppTest.OpenWebpage(WebAppTest.java:18)
at TestCases.WebAppTestRunner.WebTesting(WebAppTestRunner.java:16)
at java.util.ArrayList.forEach(Unknown Source)
... Removed 31 stack frames]]>
    </failure>
  </testcase> <!-- WebTesting -->
</testsuite> <!-- Test -->
